Global seed set to 2022
Loaded pretrained weights for efficientnet-b4
[2024-06-13 12:02:50,373][torch.distributed.nn.jit.instantiator][INFO] - Created a temporary directory at /tmp/tmpt0p6e8s_
[2024-06-13 12:02:50,374][torch.distributed.nn.jit.instantiator][INFO] - Writing /tmp/tmpt0p6e8s_/_remote_module_non_sriptable.py
[2024-06-13 12:02:51,309][__main__][INFO] - Searching /media/ava/DATA3/DATA/raj/GKT/segmentation/logs.
GPU available: True, used: True
TPU available: False, using: 0 TPU cores
IPU available: False, using: 0 IPUs
HPU available: False, using: 0 HPUs
`Trainer(limit_train_batches=1.0)` was configured so 100% of the batches per epoch will be used..
`Trainer(limit_val_batches=1.0)` was configured so 100% of the batches will be used..
`Trainer(val_check_interval=1.0)` was configured so validation will run at the end of the training epoch..
Loading weights from: /media/ava/DATA3/DATA/raj/GKT/segmentation/pretrained_models/map_segmentation_gkt_7x1_conv_setting2.ckpt
Loaded pretrained weights for efficientnet-b4
{'cam_idx': tensor([[0, 1, 2, 3, 4, 5],
        [0, 1, 2, 3, 4, 5],
        [0, 1, 2, 3, 4, 5],
        [0, 1, 2, 3, 4, 5]]), 'image': tensor([[[[[0.5098, 0.5098, 0.5098,  ..., 0.5255, 0.5255, 0.5176],
           [0.5098, 0.5098, 0.5098,  ..., 0.5333, 0.5333, 0.5255],
           [0.5098, 0.5059, 0.5098,  ..., 0.5373, 0.5373, 0.5333],
           ...,
           [0.2039, 0.2078, 0.2039,  ..., 0.2392, 0.2392, 0.2314],
           [0.2039, 0.2118, 0.2039,  ..., 0.2353, 0.2353, 0.2353],
           [0.2039, 0.2078, 0.2039,  ..., 0.2392, 0.2314, 0.2353]],

          [[0.5333, 0.5333, 0.5333,  ..., 0.5412, 0.5412, 0.5333],
           [0.5333, 0.5333, 0.5333,  ..., 0.5490, 0.5490, 0.5412],
           [0.5294, 0.5255, 0.5294,  ..., 0.5529, 0.5529, 0.5490],
           ...,
           [0.2275, 0.2314, 0.2275,  ..., 0.2588, 0.2667, 0.2667],
           [0.2275, 0.2353, 0.2275,  ..., 0.2549, 0.2588, 0.2627],
           [0.2275, 0.2314, 0.2275,  ..., 0.2549, 0.2471, 0.2510]],

          [[0.5333, 0.5333, 0.5333,  ..., 0.5373, 0.5373, 0.5294],
           [0.5333, 0.5333, 0.5373,  ..., 0.5451, 0.5451, 0.5373],
           [0.5412, 0.5373, 0.5373,  ..., 0.5490, 0.5490, 0.5451],
           ...,
           [0.2275, 0.2314, 0.2275,  ..., 0.2431, 0.2471, 0.2471],
           [0.2275, 0.2353, 0.2275,  ..., 0.2510, 0.2549, 0.2588],
           [0.2275, 0.2314, 0.2275,  ..., 0.2510, 0.2431, 0.2471]]],


         [[[0.5647, 0.5647, 0.5725,  ..., 0.4078, 0.4078, 0.4039],
           [0.5686, 0.5686, 0.5804,  ..., 0.4039, 0.4039, 0.4000],
           [0.5804, 0.5804, 0.5843,  ..., 0.4039, 0.4039, 0.4000],
           ...,
           [0.2431, 0.2431, 0.2431,  ..., 0.1765, 0.1804, 0.1843],
           [0.2392, 0.2431, 0.2431,  ..., 0.1804, 0.1765, 0.1765],
           [0.2431, 0.2431, 0.2471,  ..., 0.1765, 0.1725, 0.1686]],

          [[0.5804, 0.5765, 0.5765,  ..., 0.4235, 0.4235, 0.4196],
           [0.5804, 0.5843, 0.5843,  ..., 0.4196, 0.4196, 0.4157],
           [0.5882, 0.5843, 0.5882,  ..., 0.4196, 0.4235, 0.4196],
           ...,
           [0.2588, 0.2588, 0.2588,  ..., 0.1922, 0.1961, 0.2000],
           [0.2549, 0.2588, 0.2588,  ..., 0.1961, 0.1922, 0.1922],
           [0.2588, 0.2588, 0.2627,  ..., 0.1961, 0.1922, 0.1882]],

          [[0.5843, 0.5843, 0.5843,  ..., 0.4196, 0.4196, 0.4157],
           [0.5843, 0.5882, 0.5922,  ..., 0.4157, 0.4157, 0.4118],
           [0.5961, 0.5922, 0.5961,  ..., 0.4078, 0.4078, 0.4039],
           ...,
           [0.2549, 0.2549, 0.2549,  ..., 0.1882, 0.1922, 0.1961],
           [0.2510, 0.2549, 0.2549,  ..., 0.1961, 0.1922, 0.1922],
           [0.2549, 0.2549, 0.2588,  ..., 0.2078, 0.2039, 0.2000]]],


         [[[0.7373, 0.7373, 0.7451,  ..., 0.5020, 0.5020, 0.5020],
           [0.7294, 0.7333, 0.7412,  ..., 0.5020, 0.5020, 0.5020],
           [0.7216, 0.7255, 0.7333,  ..., 0.4980, 0.5020, 0.5020],
           ...,
           [0.3255, 0.3255, 0.3333,  ..., 0.1529, 0.1490, 0.1490],
           [0.3216, 0.3255, 0.3333,  ..., 0.1490, 0.1490, 0.1569],
           [0.3255, 0.3255, 0.3294,  ..., 0.1451, 0.1529, 0.1569]],

          [[0.7529, 0.7529, 0.7608,  ..., 0.5176, 0.5176, 0.5176],
           [0.7451, 0.7490, 0.7569,  ..., 0.5176, 0.5176, 0.5176],
           [0.7373, 0.7412, 0.7490,  ..., 0.5137, 0.5176, 0.5176],
           ...,
           [0.3412, 0.3412, 0.3490,  ..., 0.1725, 0.1686, 0.1686],
           [0.3373, 0.3412, 0.3490,  ..., 0.1686, 0.1647, 0.1725],
           [0.3412, 0.3412, 0.3451,  ..., 0.1647, 0.1686, 0.1686]],

          [[0.7647, 0.7647, 0.7725,  ..., 0.5137, 0.5137, 0.5137],
           [0.7569, 0.7608, 0.7686,  ..., 0.5137, 0.5137, 0.5137],
           [0.7490, 0.7529, 0.7608,  ..., 0.5098, 0.5137, 0.5137],
           ...,
           [0.3451, 0.3451, 0.3529,  ..., 0.1490, 0.1490, 0.1490],
           [0.3412, 0.3451, 0.3529,  ..., 0.1608, 0.1608, 0.1647],
           [0.3451, 0.3451, 0.3490,  ..., 0.1608, 0.1647, 0.1647]]],


         [[[0.3490, 0.3529, 0.3569,  ..., 0.6314, 0.6275, 0.6275],
           [0.3529, 0.3569, 0.3569,  ..., 0.6314, 0.6314, 0.6314],
           [0.3529, 0.3608, 0.3569,  ..., 0.6314, 0.6314, 0.6235],
           ...,
           [0.1373, 0.1412, 0.1333,  ..., 0.2863, 0.2784, 0.2745],
           [0.1333, 0.1294, 0.1333,  ..., 0.2863, 0.2784, 0.2745],
           [0.1333, 0.1255, 0.1294,  ..., 0.2824, 0.2784, 0.2745]],

          [[0.3529, 0.3569, 0.3608,  ..., 0.6353, 0.6314, 0.6314],
           [0.3569, 0.3608, 0.3608,  ..., 0.6353, 0.6353, 0.6353],
           [0.3569, 0.3647, 0.3608,  ..., 0.6392, 0.6392, 0.6314],
           ...,
           [0.1451, 0.1490, 0.1451,  ..., 0.3020, 0.2941, 0.2902],
           [0.1569, 0.1529, 0.1529,  ..., 0.3020, 0.2941, 0.2902],
           [0.1569, 0.1490, 0.1529,  ..., 0.3059, 0.3020, 0.2980]],

          [[0.3333, 0.3373, 0.3412,  ..., 0.6431, 0.6392, 0.6392],
           [0.3373, 0.3412, 0.3412,  ..., 0.6431, 0.6431, 0.6392],
           [0.3373, 0.3451, 0.3412,  ..., 0.6353, 0.6353, 0.6275],
           ...,
           [0.1412, 0.1451, 0.1412,  ..., 0.2980, 0.2902, 0.2863],
           [0.1529, 0.1451, 0.1490,  ..., 0.2980, 0.2902, 0.2863],
           [0.1569, 0.1490, 0.1529,  ..., 0.2980, 0.2941, 0.2902]]],


         [[[0.6392, 0.6392, 0.6392,  ..., 0.5608, 0.5608, 0.5608],
           [0.6431, 0.6431, 0.6392,  ..., 0.5608, 0.5608, 0.5608],
           [0.6431, 0.6431, 0.6431,  ..., 0.5647, 0.5569, 0.5569],
           ...,
           [0.5529, 0.5608, 0.5647,  ..., 0.4627, 0.4902, 0.5216],
           [0.5490, 0.5412, 0.5451,  ..., 0.4235, 0.4392, 0.4588],
           [0.5098, 0.4980, 0.5059,  ..., 0.4510, 0.4627, 0.4784]],

          [[0.6392, 0.6392, 0.6392,  ..., 0.5765, 0.5765, 0.5765],
           [0.6431, 0.6431, 0.6392,  ..., 0.5765, 0.5765, 0.5765],
           [0.6431, 0.6431, 0.6431,  ..., 0.5804, 0.5725, 0.5725],
           ...,
           [0.5608, 0.5686, 0.5725,  ..., 0.4863, 0.5176, 0.5451],
           [0.5608, 0.5529, 0.5529,  ..., 0.4471, 0.4627, 0.4824],
           [0.5255, 0.5137, 0.5176,  ..., 0.4745, 0.4863, 0.5020]],

          [[0.6471, 0.6471, 0.6471,  ..., 0.5804, 0.5804, 0.5804],
           [0.6510, 0.6510, 0.6471,  ..., 0.5804, 0.5804, 0.5804],
           [0.6510, 0.6510, 0.6510,  ..., 0.5843, 0.5765, 0.5765],
           ...,
           [0.5569, 0.5647, 0.5686,  ..., 0.4784, 0.5020, 0.5255],
           [0.5569, 0.5490, 0.5490,  ..., 0.4431, 0.4588, 0.4745],
           [0.5216, 0.5098, 0.5137,  ..., 0.4667, 0.4784, 0.4941]]],


         [[[0.2941, 0.3020, 0.3137,  ..., 0.6824, 0.6824, 0.6824],
           [0.2902, 0.2980, 0.3059,  ..., 0.6863, 0.6863, 0.6863],
           [0.2863, 0.2941, 0.3020,  ..., 0.6902, 0.6863, 0.6824],
           ...,
           [0.0706, 0.0824, 0.0941,  ..., 0.2941, 0.2863, 0.2902],
           [0.0627, 0.0784, 0.0941,  ..., 0.2902, 0.2863, 0.2863],
           [0.0706, 0.0941, 0.1020,  ..., 0.2902, 0.2824, 0.2902]],

          [[0.3255, 0.3333, 0.3451,  ..., 0.7020, 0.7020, 0.7020],
           [0.3255, 0.3333, 0.3412,  ..., 0.7059, 0.7059, 0.7059],
           [0.3294, 0.3412, 0.3490,  ..., 0.7098, 0.7059, 0.7020],
           ...,
           [0.1137, 0.1216, 0.1216,  ..., 0.3176, 0.3098, 0.3137],
           [0.1059, 0.1176, 0.1216,  ..., 0.3137, 0.3098, 0.3098],
           [0.1137, 0.1255, 0.1137,  ..., 0.3137, 0.3059, 0.3137]],

          [[0.3373, 0.3451, 0.3569,  ..., 0.7176, 0.7176, 0.7176],
           [0.3333, 0.3412, 0.3490,  ..., 0.7216, 0.7216, 0.7216],
           [0.3294, 0.3412, 0.3490,  ..., 0.7216, 0.7176, 0.7137],
           ...,
           [0.0941, 0.1059, 0.1059,  ..., 0.3176, 0.3098, 0.3137],
           [0.0706, 0.0824, 0.0902,  ..., 0.3137, 0.3098, 0.3098],
           [0.0627, 0.0824, 0.0863,  ..., 0.3137, 0.3059, 0.3137]]]],



        [[[[0.1529, 0.1451, 0.1333,  ..., 0.8078, 0.8078, 0.8039],
           [0.1255, 0.1451, 0.1373,  ..., 0.8118, 0.8078, 0.8039],
           [0.1451, 0.1490, 0.1451,  ..., 0.8118, 0.8078, 0.8000],
           ...,
           [0.2431, 0.2510, 0.2549,  ..., 0.3412, 0.3412, 0.3412],
           [0.2431, 0.2510, 0.2588,  ..., 0.3373, 0.3333, 0.3333],
           [0.2549, 0.2627, 0.2667,  ..., 0.3333, 0.3333, 0.3373]],

          [[0.2000, 0.1922, 0.1804,  ..., 0.8235, 0.8235, 0.8196],
           [0.1725, 0.1922, 0.1843,  ..., 0.8275, 0.8235, 0.8196],
           [0.1843, 0.1922, 0.1843,  ..., 0.8314, 0.8235, 0.8196],
           ...,
           [0.2549, 0.2627, 0.2667,  ..., 0.3569, 0.3569, 0.3569],
           [0.2588, 0.2667, 0.2745,  ..., 0.3529, 0.3490, 0.3529],
           [0.2627, 0.2706, 0.2784,  ..., 0.3490, 0.3529, 0.3569]],

          [[0.1922, 0.1843, 0.1725,  ..., 0.8353, 0.8353, 0.8314],
           [0.1686, 0.1843, 0.1765,  ..., 0.8392, 0.8353, 0.8314],
           [0.1882, 0.1922, 0.1882,  ..., 0.8431, 0.8353, 0.8314],
           ...,
           [0.2392, 0.2392, 0.2431,  ..., 0.3529, 0.3529, 0.3529],
           [0.2392, 0.2431, 0.2471,  ..., 0.3490, 0.3451, 0.3412],
           [0.2471, 0.2510, 0.2510,  ..., 0.3451, 0.3373, 0.3333]]],


         [[[0.6549, 0.6549, 0.6549,  ..., 0.0549, 0.0824, 0.0902],
           [0.6549, 0.6588, 0.6549,  ..., 0.0627, 0.0824, 0.0902],
           [0.6588, 0.6549, 0.6588,  ..., 0.0745, 0.0745, 0.0902],
           ...,
           [0.2314, 0.2353, 0.2392,  ..., 0.2784, 0.2784, 0.2706],
           [0.2235, 0.2235, 0.2314,  ..., 0.2784, 0.2745, 0.2745],
           [0.2235, 0.2235, 0.2275,  ..., 0.2863, 0.2706, 0.2706]],

          [[0.6706, 0.6706, 0.6706,  ..., 0.0549, 0.0784, 0.0863],
           [0.6706, 0.6745, 0.6706,  ..., 0.0667, 0.0784, 0.0784],
           [0.6745, 0.6706, 0.6745,  ..., 0.0784, 0.0706, 0.0824],
           ...,
           [0.2471, 0.2510, 0.2549,  ..., 0.2980, 0.2980, 0.2902],
           [0.2392, 0.2392, 0.2471,  ..., 0.2980, 0.2941, 0.2941],
           [0.2392, 0.2392, 0.2431,  ..., 0.3059, 0.2902, 0.2902]],

          [[0.6824, 0.6824, 0.6824,  ..., 0.0431, 0.0627, 0.0706],
           [0.6824, 0.6863, 0.6824,  ..., 0.0471, 0.0549, 0.0549],
           [0.6863, 0.6824, 0.6863,  ..., 0.0588, 0.0471, 0.0549],
           ...,
           [0.2431, 0.2471, 0.2510,  ..., 0.2745, 0.2745, 0.2667],
           [0.2353, 0.2353, 0.2431,  ..., 0.2745, 0.2706, 0.2706],
           [0.2353, 0.2353, 0.2392,  ..., 0.2902, 0.2745, 0.2745]]],


         [[[0.5255, 0.4863, 0.3882,  ..., 0.2980, 0.2980, 0.2980],
           [0.5373, 0.4667, 0.3451,  ..., 0.2980, 0.2980, 0.2941],
           [0.5333, 0.4314, 0.3216,  ..., 0.2980, 0.2980, 0.2863],
           ...,
           [0.5725, 0.5725, 0.5686,  ..., 0.2157, 0.2275, 0.2275],
           [0.5765, 0.5765, 0.5725,  ..., 0.2039, 0.2078, 0.2078],
           [0.5804, 0.5804, 0.5765,  ..., 0.2000, 0.2000, 0.2039]],

          [[0.5529, 0.5176, 0.4118,  ..., 0.2941, 0.2941, 0.2941],
           [0.5608, 0.4902, 0.3686,  ..., 0.2941, 0.2980, 0.2902],
           [0.5529, 0.4549, 0.3451,  ..., 0.3020, 0.3020, 0.2902],
           ...,
           [0.6157, 0.6157, 0.6118,  ..., 0.2392, 0.2510, 0.2510],
           [0.6196, 0.6196, 0.6157,  ..., 0.2275, 0.2314, 0.2314],
           [0.6235, 0.6235, 0.6196,  ..., 0.2235, 0.2235, 0.2235]],

          [[0.5804, 0.5216, 0.4000,  ..., 0.2745, 0.2745, 0.2745],
           [0.5804, 0.4902, 0.3569,  ..., 0.2745, 0.2784, 0.2706],
           [0.5608, 0.4471, 0.3333,  ..., 0.2824, 0.2824, 0.2706],
           ...,
           [0.6392, 0.6392, 0.6353,  ..., 0.2392, 0.2510, 0.2510],
           [0.6431, 0.6431, 0.6392,  ..., 0.2275, 0.2353, 0.2353],
           [0.6471, 0.6471, 0.6431,  ..., 0.2235, 0.2314, 0.2353]]],


         [[[1.0000, 1.0000, 1.0000,  ..., 0.0941, 0.1059, 0.1020],
           [1.0000, 1.0000, 1.0000,  ..., 0.0824, 0.0980, 0.0941],
           [0.9961, 1.0000, 1.0000,  ..., 0.0824, 0.1059, 0.1137],
           ...,
           [0.3608, 0.3686, 0.3647,  ..., 0.1686, 0.1765, 0.1725],
           [0.3608, 0.3569, 0.3412,  ..., 0.1647, 0.1647, 0.1725],
           [0.3451, 0.3529, 0.3451,  ..., 0.1804, 0.1725, 0.1725]],

          [[1.0000, 1.0000, 1.0000,  ..., 0.1176, 0.1294, 0.1216],
           [1.0000, 1.0000, 1.0000,  ..., 0.1216, 0.1333, 0.1294],
           [1.0000, 1.0000, 1.0000,  ..., 0.1098, 0.1333, 0.1373],
           ...,
           [0.3765, 0.3843, 0.3804,  ..., 0.1882, 0.1922, 0.1882],
           [0.3765, 0.3725, 0.3569,  ..., 0.1843, 0.1804, 0.1882],
           [0.3608, 0.3686, 0.3608,  ..., 0.2000, 0.1882, 0.1882]],

          [[1.0000, 1.0000, 1.0000,  ..., 0.1059, 0.1216, 0.1137],
           [0.9961, 1.0000, 1.0000,  ..., 0.1059, 0.1216, 0.1137],
           [0.9843, 0.9882, 0.9922,  ..., 0.0941, 0.1176, 0.1216],
           ...,
           [0.3804, 0.3882, 0.3843,  ..., 0.1725, 0.1843, 0.1843],
           [0.3804, 0.3804, 0.3608,  ..., 0.1686, 0.1725, 0.1882],
           [0.3725, 0.3804, 0.3725,  ..., 0.1804, 0.1843, 0.2000]]],


         [[[0.0667, 0.0627, 0.0784,  ..., 0.7725, 0.7686, 0.7686],
           [0.0431, 0.0471, 0.0549,  ..., 0.7686, 0.7686, 0.7686],
           [0.0392, 0.0471, 0.0392,  ..., 0.7686, 0.7647, 0.7608],
           ...,
           [0.4745, 0.4627, 0.4706,  ..., 0.5569, 0.5490, 0.5412],
           [0.4824, 0.4863, 0.4745,  ..., 0.5608, 0.5608, 0.5529],
           [0.4902, 0.5020, 0.4902,  ..., 0.5373, 0.5451, 0.5451]],

          [[0.0941, 0.0902, 0.1020,  ..., 0.7882, 0.7843, 0.7843],
           [0.0863, 0.0863, 0.0941,  ..., 0.7843, 0.7843, 0.7843],
           [0.0588, 0.0667, 0.0588,  ..., 0.7843, 0.7804, 0.7765],
           ...,
           [0.4902, 0.4784, 0.4863,  ..., 0.5804, 0.5725, 0.5647],
           [0.4980, 0.5020, 0.4902,  ..., 0.5843, 0.5843, 0.5765],
           [0.5059, 0.5176, 0.5059,  ..., 0.5608, 0.5686, 0.5686]],

          [[0.0784, 0.0706, 0.0863,  ..., 0.7922, 0.7882, 0.7882],
           [0.0549, 0.0588, 0.0667,  ..., 0.7882, 0.7882, 0.7882],
           [0.0510, 0.0549, 0.0510,  ..., 0.7882, 0.7843, 0.7804],
           ...,
           [0.4824, 0.4745, 0.4824,  ..., 0.5647, 0.5569, 0.5451],
           [0.4941, 0.4980, 0.4863,  ..., 0.5804, 0.5804, 0.5725],
           [0.5020, 0.5137, 0.5020,  ..., 0.5529, 0.5608, 0.5608]]],


         [[[0.2667, 0.2471, 0.2431,  ..., 0.3373, 0.3255, 0.3255],
           [0.2627, 0.2471, 0.2431,  ..., 0.3451, 0.3373, 0.3412],
           [0.2745, 0.2588, 0.2549,  ..., 0.3451, 0.3451, 0.3412],
           ...,
           [0.3725, 0.3686, 0.3608,  ..., 0.5804, 0.5765, 0.5686],
           [0.2863, 0.2824, 0.2745,  ..., 0.5843, 0.5804, 0.5765],
           [0.2392, 0.2353, 0.2353,  ..., 0.5843, 0.5765, 0.5725]],

          [[0.2824, 0.2627, 0.2588,  ..., 0.3647, 0.3608, 0.3647],
           [0.2784, 0.2627, 0.2627,  ..., 0.3686, 0.3686, 0.3765],
           [0.2941, 0.2784, 0.2784,  ..., 0.3647, 0.3647, 0.3647],
           ...,
           [0.4039, 0.4000, 0.3922,  ..., 0.6235, 0.6196, 0.6118],
           [0.3176, 0.3137, 0.3098,  ..., 0.6275, 0.6235, 0.6196],
           [0.2824, 0.2824, 0.2824,  ..., 0.6275, 0.6196, 0.6157]],

          [[0.2863, 0.2667, 0.2627,  ..., 0.3725, 0.3647, 0.3686],
           [0.2824, 0.2667, 0.2667,  ..., 0.3804, 0.3765, 0.3843],
           [0.2941, 0.2784, 0.2784,  ..., 0.3765, 0.3765, 0.3765],
           ...,
           [0.4314, 0.4275, 0.4196,  ..., 0.6471, 0.6431, 0.6353],
           [0.3294, 0.3255, 0.3216,  ..., 0.6510, 0.6471, 0.6431],
           [0.2863, 0.2824, 0.2824,  ..., 0.6510, 0.6431, 0.6392]]]],



        [[[[0.4667, 0.4353, 0.5059,  ..., 0.2627, 0.3608, 0.3686],
           [0.5255, 0.4392, 0.3843,  ..., 0.2549, 0.3490, 0.3216],
           [0.5333, 0.4784, 0.3647,  ..., 0.2549, 0.2784, 0.2706],
           ...,
           [0.1529, 0.1529, 0.1451,  ..., 0.3176, 0.5333, 0.7804],
           [0.1608, 0.1608, 0.1647,  ..., 0.3020, 0.4314, 0.7098],
           [0.1490, 0.1569, 0.1647,  ..., 0.2824, 0.3569, 0.6118]],

          [[0.4706, 0.4392, 0.5098,  ..., 0.2745, 0.3725, 0.3804],
           [0.5333, 0.4471, 0.3922,  ..., 0.2667, 0.3569, 0.3373],
           [0.5373, 0.4863, 0.3765,  ..., 0.2510, 0.2706, 0.2706],
           ...,
           [0.1686, 0.1686, 0.1608,  ..., 0.3059, 0.5098, 0.7490],
           [0.1804, 0.1804, 0.1804,  ..., 0.2902, 0.4118, 0.6863],
           [0.1843, 0.1843, 0.1843,  ..., 0.2824, 0.3490, 0.6000]],

          [[0.4471, 0.4196, 0.4980,  ..., 0.2078, 0.2941, 0.2941],
           [0.4784, 0.3961, 0.3529,  ..., 0.1961, 0.2745, 0.2431],
           [0.5059, 0.4314, 0.3098,  ..., 0.1922, 0.2078, 0.2039],
           ...,
           [0.1647, 0.1647, 0.1569,  ..., 0.2588, 0.4431, 0.6706],
           [0.1765, 0.1765, 0.1765,  ..., 0.2510, 0.3529, 0.6118],
           [0.1725, 0.1765, 0.1804,  ..., 0.2588, 0.3059, 0.5451]]],


         [[[0.5176, 0.5176, 0.5098,  ..., 0.0745, 0.0706, 0.0706],
           [0.5216, 0.5176, 0.5059,  ..., 0.0667, 0.0471, 0.0627],
           [0.5176, 0.5098, 0.4980,  ..., 0.0627, 0.0510, 0.0667],
           ...,
           [0.4706, 0.5059, 0.4980,  ..., 0.4235, 0.4157, 0.4157],
           [0.4431, 0.4667, 0.4549,  ..., 0.4196, 0.4157, 0.4196],
           [0.4039, 0.4471, 0.4392,  ..., 0.4471, 0.4235, 0.4196]],

          [[0.5490, 0.5529, 0.5569,  ..., 0.0824, 0.0863, 0.0902],
           [0.5490, 0.5529, 0.5529,  ..., 0.0706, 0.0627, 0.0824],
           [0.5490, 0.5451, 0.5490,  ..., 0.0706, 0.0784, 0.1059],
           ...,
           [0.4745, 0.5098, 0.5020,  ..., 0.4275, 0.4196, 0.4196],
           [0.4471, 0.4706, 0.4588,  ..., 0.4235, 0.4196, 0.4235],
           [0.4078, 0.4510, 0.4431,  ..., 0.4549, 0.4275, 0.4196]],

          [[0.6235, 0.6196, 0.6078,  ..., 0.0784, 0.0824, 0.0824],
           [0.6196, 0.6196, 0.6039,  ..., 0.0863, 0.0706, 0.0863],
           [0.6078, 0.6039, 0.5961,  ..., 0.0745, 0.0588, 0.0745],
           ...,
           [0.4549, 0.4902, 0.4824,  ..., 0.4078, 0.4000, 0.4000],
           [0.4275, 0.4510, 0.4392,  ..., 0.4039, 0.4039, 0.4039],
           [0.3882, 0.4314, 0.4235,  ..., 0.4431, 0.4157, 0.4118]]],


         [[[0.1373, 0.1373, 0.1569,  ..., 0.2235, 0.2157, 0.2118],
           [0.1255, 0.1294, 0.1529,  ..., 0.2078, 0.2078, 0.2078],
           [0.1608, 0.1412, 0.1255,  ..., 0.2353, 0.2431, 0.2471],
           ...,
           [0.6510, 0.6588, 0.6667,  ..., 0.4078, 0.4118, 0.4314],
           [0.6431, 0.6471, 0.6510,  ..., 0.4941, 0.4627, 0.4353],
           [0.6392, 0.6471, 0.6549,  ..., 0.4902, 0.4706, 0.4392]],

          [[0.1529, 0.1569, 0.1725,  ..., 0.2549, 0.2510, 0.2471],
           [0.1412, 0.1451, 0.1686,  ..., 0.2431, 0.2431, 0.2431],
           [0.1765, 0.1569, 0.1412,  ..., 0.2471, 0.2549, 0.2588],
           ...,
           [0.6549, 0.6627, 0.6706,  ..., 0.4000, 0.4000, 0.4196],
           [0.6392, 0.6471, 0.6549,  ..., 0.4784, 0.4510, 0.4275],
           [0.6235, 0.6392, 0.6510,  ..., 0.4588, 0.4471, 0.4314]],

          [[0.1647, 0.1686, 0.1843,  ..., 0.2627, 0.2549, 0.2510],
           [0.1490, 0.1569, 0.1843,  ..., 0.2510, 0.2510, 0.2510],
           [0.1608, 0.1608, 0.1686,  ..., 0.2706, 0.2706, 0.2706],
           ...,
           [0.6745, 0.6824, 0.6902,  ..., 0.3569, 0.3569, 0.3882],
           [0.6627, 0.6667, 0.6745,  ..., 0.4431, 0.4157, 0.4000],
           [0.6471, 0.6627, 0.6745,  ..., 0.4314, 0.4353, 0.4196]]],


         [[[0.2784, 0.2902, 0.3176,  ..., 0.8627, 0.8627, 0.8588],
           [0.2745, 0.2549, 0.2863,  ..., 0.8627, 0.8627, 0.8510],
           [0.2745, 0.2549, 0.2824,  ..., 0.8588, 0.8431, 0.8314],
           ...,
           [0.5882, 0.5725, 0.6314,  ..., 0.2941, 0.2902, 0.3176],
           [0.7137, 0.6706, 0.6824,  ..., 0.4078, 0.3529, 0.3373],
           [0.6784, 0.6471, 0.7137,  ..., 0.5725, 0.5255, 0.4431]],

          [[0.2824, 0.2902, 0.3216,  ..., 0.9255, 0.9255, 0.9216],
           [0.2784, 0.2549, 0.2863,  ..., 0.9255, 0.9255, 0.9137],
           [0.2784, 0.2627, 0.2902,  ..., 0.9098, 0.8941, 0.8863],
           ...,
           [0.5843, 0.5686, 0.6235,  ..., 0.3098, 0.3059, 0.3333],
           [0.7137, 0.6706, 0.6745,  ..., 0.4157, 0.3608, 0.3412],
           [0.6824, 0.6431, 0.6980,  ..., 0.5608, 0.5098, 0.4275]],

          [[0.2745, 0.2902, 0.3451,  ..., 0.9882, 0.9882, 0.9843],
           [0.2627, 0.2667, 0.3255,  ..., 0.9882, 0.9882, 0.9765],
           [0.2667, 0.2549, 0.2980,  ..., 0.9804, 0.9608, 0.9490],
           ...,
           [0.5765, 0.5686, 0.6275,  ..., 0.3529, 0.3490, 0.3804],
           [0.6902, 0.6510, 0.6510,  ..., 0.4471, 0.4000, 0.3843],
           [0.6627, 0.6235, 0.6667,  ..., 0.5686, 0.5255, 0.4510]]],


         [[[0.2706, 0.2784, 0.2824,  ..., 0.1255, 0.1569, 0.1765],
           [0.2784, 0.2745, 0.2745,  ..., 0.1255, 0.1255, 0.1333],
           [0.2745, 0.2706, 0.2745,  ..., 0.1137, 0.1059, 0.1137],
           ...,
           [0.2235, 0.2275, 0.2235,  ..., 0.3294, 0.3333, 0.3294],
           [0.2314, 0.2353, 0.2314,  ..., 0.3216, 0.3216, 0.3255],
           [0.2235, 0.2314, 0.2314,  ..., 0.3176, 0.3098, 0.3137]],

          [[0.2863, 0.2941, 0.2980,  ..., 0.1333, 0.1608, 0.1804],
           [0.2941, 0.2902, 0.2902,  ..., 0.1373, 0.1333, 0.1412],
           [0.2902, 0.2863, 0.2902,  ..., 0.1333, 0.1255, 0.1373],
           ...,
           [0.2392, 0.2471, 0.2510,  ..., 0.3333, 0.3294, 0.3176],
           [0.2510, 0.2549, 0.2588,  ..., 0.3255, 0.3216, 0.3176],
           [0.2549, 0.2627, 0.2627,  ..., 0.3216, 0.3137, 0.3176]],

          [[0.2902, 0.2980, 0.3020,  ..., 0.1137, 0.1412, 0.1608],
           [0.2980, 0.2980, 0.2941,  ..., 0.1176, 0.1137, 0.1216],
           [0.2980, 0.2941, 0.3020,  ..., 0.1137, 0.1059, 0.1176],
           ...,
           [0.2510, 0.2588, 0.2627,  ..., 0.3098, 0.3098, 0.2980],
           [0.2627, 0.2667, 0.2667,  ..., 0.3020, 0.3020, 0.2980],
           [0.2667, 0.2745, 0.2745,  ..., 0.3020, 0.2941, 0.2980]]],


         [[[0.1451, 0.1882, 0.3020,  ..., 0.1333, 0.1373, 0.1725],
           [0.1412, 0.1882, 0.3020,  ..., 0.1608, 0.2039, 0.2784],
           [0.1451, 0.1882, 0.3020,  ..., 0.1843, 0.2353, 0.2235],
           ...,
           [0.4118, 0.3961, 0.3098,  ..., 0.2314, 0.2157, 0.1529],
           [0.3725, 0.3647, 0.2863,  ..., 0.2431, 0.2000, 0.1490],
           [0.2314, 0.2314, 0.2314,  ..., 0.2392, 0.1608, 0.1333]],

          [[0.1294, 0.1804, 0.3020,  ..., 0.1412, 0.1451, 0.1804],
           [0.1255, 0.1804, 0.2980,  ..., 0.1686, 0.2118, 0.2863],
           [0.1294, 0.1804, 0.3020,  ..., 0.1882, 0.2392, 0.2275],
           ...,
           [0.3843, 0.3686, 0.2824,  ..., 0.2510, 0.2314, 0.1725],
           [0.3529, 0.3451, 0.2667,  ..., 0.2627, 0.2157, 0.1608],
           [0.2392, 0.2353, 0.2314,  ..., 0.2627, 0.1765, 0.1490]],

          [[0.1255, 0.1922, 0.3294,  ..., 0.1216, 0.1255, 0.1608],
           [0.1216, 0.1882, 0.3255,  ..., 0.1490, 0.1922, 0.2667],
           [0.1176, 0.1804, 0.3216,  ..., 0.1686, 0.2196, 0.2078],
           ...,
           [0.3294, 0.3176, 0.2392,  ..., 0.2510, 0.2588, 0.1843],
           [0.3020, 0.2941, 0.2157,  ..., 0.2627, 0.2471, 0.1843],
           [0.1961, 0.1804, 0.1725,  ..., 0.2588, 0.2196, 0.1922]]]],



        [[[[0.5333, 0.5333, 0.5373,  ..., 0.2314, 0.2627, 0.2275],
           [0.5373, 0.5373, 0.5412,  ..., 0.1922, 0.2000, 0.1647],
           [0.5451, 0.5451, 0.5451,  ..., 0.1569, 0.1686, 0.1882],
           ...,
           [0.6471, 0.6039, 0.5529,  ..., 0.5255, 0.5294, 0.5294],
           [0.4706, 0.4627, 0.4510,  ..., 0.5216, 0.5176, 0.5373],
           [0.4510, 0.4510, 0.4471,  ..., 0.5176, 0.5137, 0.5294]],

          [[0.5804, 0.5804, 0.5843,  ..., 0.2431, 0.2745, 0.2392],
           [0.5843, 0.5843, 0.5882,  ..., 0.2039, 0.2118, 0.1765],
           [0.5804, 0.5804, 0.5804,  ..., 0.1686, 0.1843, 0.2039],
           ...,
           [0.6471, 0.6039, 0.5529,  ..., 0.5216, 0.5294, 0.5333],
           [0.4706, 0.4627, 0.4549,  ..., 0.5137, 0.5176, 0.5373],
           [0.4510, 0.4549, 0.4510,  ..., 0.5059, 0.5020, 0.5176]],

          [[0.6431, 0.6431, 0.6471,  ..., 0.2039, 0.2392, 0.2118],
           [0.6471, 0.6471, 0.6510,  ..., 0.1647, 0.1804, 0.1490],
           [0.6471, 0.6471, 0.6471,  ..., 0.1373, 0.1608, 0.1804],
           ...,
           [0.6471, 0.6039, 0.5529,  ..., 0.4980, 0.5059, 0.5098],
           [0.4667, 0.4588, 0.4471,  ..., 0.4941, 0.4941, 0.5137],
           [0.4353, 0.4353, 0.4353,  ..., 0.4863, 0.4824, 0.4980]]],


         [[[0.3333, 0.3569, 0.3216,  ..., 0.5176, 0.5137, 0.5137],
           [0.2863, 0.3176, 0.3255,  ..., 0.5176, 0.5137, 0.5137],
           [0.2627, 0.2314, 0.2745,  ..., 0.5176, 0.5176, 0.5137],
           ...,
           [0.7608, 0.8000, 0.7216,  ..., 0.0980, 0.0824, 0.0627],
           [0.6431, 0.6000, 0.5059,  ..., 0.1137, 0.1098, 0.0941],
           [0.4627, 0.4784, 0.4627,  ..., 0.1451, 0.1373, 0.1216]],

          [[0.3608, 0.3725, 0.3294,  ..., 0.5686, 0.5647, 0.5647],
           [0.3137, 0.3333, 0.3333,  ..., 0.5686, 0.5647, 0.5647],
           [0.2784, 0.2431, 0.2863,  ..., 0.5686, 0.5686, 0.5647],
           ...,
           [0.7647, 0.8039, 0.7255,  ..., 0.1216, 0.1176, 0.1020],
           [0.6471, 0.6039, 0.5059,  ..., 0.1333, 0.1373, 0.1294],
           [0.4549, 0.4745, 0.4588,  ..., 0.1412, 0.1412, 0.1412]],

          [[0.2902, 0.3098, 0.2745,  ..., 0.6039, 0.6000, 0.6000],
           [0.2431, 0.2706, 0.2784,  ..., 0.6039, 0.6000, 0.6000],
           [0.2196, 0.1961, 0.2471,  ..., 0.6039, 0.6039, 0.6000],
           ...,
           [0.7333, 0.7765, 0.7059,  ..., 0.1255, 0.1137, 0.1020],
           [0.6275, 0.5804, 0.4863,  ..., 0.1373, 0.1412, 0.1294],
           [0.4510, 0.4627, 0.4392,  ..., 0.1451, 0.1412, 0.1373]]],


         [[[0.6706, 0.6706, 0.6745,  ..., 0.1059, 0.1020, 0.0980],
           [0.6706, 0.6745, 0.6706,  ..., 0.1137, 0.1059, 0.0980],
           [0.6667, 0.6745, 0.6784,  ..., 0.1137, 0.1137, 0.1137],
           ...,
           [0.0824, 0.0784, 0.0667,  ..., 0.2588, 0.2549, 0.2471],
           [0.1333, 0.1176, 0.0941,  ..., 0.2510, 0.2510, 0.2471],
           [0.1882, 0.1765, 0.1647,  ..., 0.2392, 0.2392, 0.2471]],

          [[0.7137, 0.7137, 0.7176,  ..., 0.1255, 0.1294, 0.1333],
           [0.7137, 0.7176, 0.7137,  ..., 0.1333, 0.1333, 0.1294],
           [0.7137, 0.7216, 0.7255,  ..., 0.1294, 0.1333, 0.1216],
           ...,
           [0.1059, 0.1020, 0.0941,  ..., 0.2824, 0.2784, 0.2706],
           [0.1569, 0.1412, 0.1216,  ..., 0.2745, 0.2745, 0.2706],
           [0.2000, 0.1961, 0.1843,  ..., 0.2627, 0.2627, 0.2706]],

          [[0.7843, 0.7843, 0.7882,  ..., 0.1216, 0.1216, 0.1216],
           [0.7843, 0.7882, 0.7843,  ..., 0.1176, 0.1176, 0.1137],
           [0.7765, 0.7843, 0.7882,  ..., 0.1098, 0.1137, 0.1020],
           ...,
           [0.0902, 0.0863, 0.0784,  ..., 0.2824, 0.2784, 0.2706],
           [0.1333, 0.1176, 0.0941,  ..., 0.2745, 0.2745, 0.2706],
           [0.1961, 0.1882, 0.1686,  ..., 0.2627, 0.2627, 0.2706]]],


         [[[0.6549, 0.6627, 0.6588,  ..., 0.1725, 0.1765, 0.1333],
           [0.6549, 0.6627, 0.6588,  ..., 0.1804, 0.2196, 0.1765],
           [0.6510, 0.6549, 0.6588,  ..., 0.2039, 0.1686, 0.1608],
           ...,
           [0.4549, 0.4824, 0.4941,  ..., 0.5569, 0.7020, 0.7569],
           [0.4431, 0.4941, 0.4941,  ..., 0.7333, 0.7765, 0.7843],
           [0.4549, 0.4902, 0.4706,  ..., 0.7647, 0.7686, 0.7725]],

          [[0.6706, 0.6784, 0.6745,  ..., 0.1804, 0.1843, 0.1412],
           [0.6706, 0.6784, 0.6745,  ..., 0.1882, 0.2314, 0.1882],
           [0.6667, 0.6706, 0.6745,  ..., 0.2078, 0.1765, 0.1647],
           ...,
           [0.4510, 0.4784, 0.4902,  ..., 0.5373, 0.6745, 0.7294],
           [0.4431, 0.4902, 0.4863,  ..., 0.7137, 0.7490, 0.7569],
           [0.4588, 0.4824, 0.4510,  ..., 0.7569, 0.7569, 0.7647]],

          [[0.7137, 0.7216, 0.7176,  ..., 0.1647, 0.1647, 0.1176],
           [0.7137, 0.7216, 0.7176,  ..., 0.1686, 0.2039, 0.1608],
           [0.7098, 0.7137, 0.7176,  ..., 0.1882, 0.1490, 0.1373],
           ...,
           [0.4314, 0.4588, 0.4706,  ..., 0.4980, 0.6314, 0.6824],
           [0.4235, 0.4706, 0.4667,  ..., 0.6667, 0.7098, 0.7176],
           [0.4392, 0.4667, 0.4392,  ..., 0.7059, 0.7176, 0.7216]]],


         [[[0.2392, 0.2392, 0.2392,  ..., 0.4863, 0.4902, 0.4902],
           [0.2471, 0.2353, 0.2353,  ..., 0.4902, 0.4902, 0.4902],
           [0.2549, 0.2510, 0.2471,  ..., 0.5020, 0.4980, 0.4980],
           ...,
           [0.3765, 0.3725, 0.3765,  ..., 0.3765, 0.3725, 0.3686],
           [0.3686, 0.3608, 0.3608,  ..., 0.3647, 0.3686, 0.3686],
           [0.3647, 0.3529, 0.3529,  ..., 0.3608, 0.3647, 0.3686]],

          [[0.2392, 0.2392, 0.2392,  ..., 0.5137, 0.5176, 0.5176],
           [0.2471, 0.2353, 0.2353,  ..., 0.5176, 0.5176, 0.5176],
           [0.2588, 0.2549, 0.2510,  ..., 0.5294, 0.5255, 0.5255],
           ...,
           [0.3725, 0.3686, 0.3725,  ..., 0.3804, 0.3765, 0.3725],
           [0.3647, 0.3569, 0.3569,  ..., 0.3686, 0.3725, 0.3725],
           [0.3608, 0.3490, 0.3490,  ..., 0.3647, 0.3686, 0.3725]],

          [[0.2314, 0.2314, 0.2314,  ..., 0.5451, 0.5490, 0.5490],
           [0.2392, 0.2275, 0.2275,  ..., 0.5490, 0.5490, 0.5490],
           [0.2431, 0.2353, 0.2314,  ..., 0.5608, 0.5569, 0.5569],
           ...,
           [0.3569, 0.3529, 0.3569,  ..., 0.3608, 0.3569, 0.3529],
           [0.3490, 0.3412, 0.3412,  ..., 0.3451, 0.3529, 0.3529],
           [0.3451, 0.3333, 0.3333,  ..., 0.3412, 0.3451, 0.3490]]],


         [[[0.3098, 0.3255, 0.3333,  ..., 0.4275, 0.4235, 0.4157],
           [0.3255, 0.3373, 0.3569,  ..., 0.3961, 0.4078, 0.4078],
           [0.3333, 0.3373, 0.3412,  ..., 0.4431, 0.4314, 0.4000],
           ...,
           [0.3216, 0.3490, 0.3529,  ..., 0.7804, 0.7765, 0.7686],
           [0.3176, 0.3451, 0.3373,  ..., 0.7569, 0.7608, 0.7451],
           [0.2941, 0.3294, 0.3333,  ..., 0.7373, 0.7647, 0.7725]],

          [[0.3255, 0.3412, 0.3490,  ..., 0.4392, 0.4392, 0.4275],
           [0.3412, 0.3529, 0.3725,  ..., 0.4078, 0.4196, 0.4196],
           [0.3490, 0.3490, 0.3569,  ..., 0.4510, 0.4392, 0.4078],
           ...,
           [0.3373, 0.3647, 0.3686,  ..., 0.7725, 0.7686, 0.7608],
           [0.3412, 0.3686, 0.3608,  ..., 0.7490, 0.7569, 0.7373],
           [0.3255, 0.3529, 0.3569,  ..., 0.7294, 0.7569, 0.7686]],

          [[0.3373, 0.3529, 0.3529,  ..., 0.3961, 0.3922, 0.3882],
           [0.3529, 0.3647, 0.3765,  ..., 0.3725, 0.3843, 0.3843],
           [0.3725, 0.3686, 0.3686,  ..., 0.4078, 0.3961, 0.3647],
           ...,
           [0.3686, 0.3961, 0.4039,  ..., 0.7765, 0.7725, 0.7647],
           [0.3529, 0.3843, 0.3804,  ..., 0.7529, 0.7569, 0.7373],
           [0.3412, 0.3882, 0.4000,  ..., 0.7333, 0.7529, 0.7569]]]]]), 'intrinsics': tensor([[[[377.3588,   0.0000, 248.1723],
          [  0.0000, 377.3588,  89.2746],
          [  0.0000,   0.0000,   1.0000]],

         [[375.8439,   0.0000, 247.9764],
          [  0.0000, 375.8439,  94.9954],
          [  0.0000,   0.0000,   1.0000]],

         [[377.0246,   0.0000, 245.3366],
          [  0.0000, 377.0246,  89.5863],
          [  0.0000,   0.0000,   1.0000]],

         [[376.4958,   0.0000, 248.8731],
          [  0.0000, 376.4958,  94.1504],
          [  0.0000,   0.0000,   1.0000]],

         [[239.0673,   0.0000, 257.3332],
          [  0.0000, 239.0673,  97.0655],
          [  0.0000,   0.0000,   1.0000]],

         [[374.9889,   0.0000, 247.6131],
          [  0.0000, 374.9889,  92.7645],
          [  0.0000,   0.0000,   1.0000]]],


        [[[377.3588,   0.0000, 248.1723],
          [  0.0000, 377.3588,  89.2746],
          [  0.0000,   0.0000,   1.0000]],

         [[375.8439,   0.0000, 247.9764],
          [  0.0000, 375.8439,  94.9954],
          [  0.0000,   0.0000,   1.0000]],

         [[377.0246,   0.0000, 245.3366],
          [  0.0000, 377.0246,  89.5863],
          [  0.0000,   0.0000,   1.0000]],

         [[376.4958,   0.0000, 248.8731],
          [  0.0000, 376.4958,  94.1504],
          [  0.0000,   0.0000,   1.0000]],

         [[239.0673,   0.0000, 257.3332],
          [  0.0000, 239.0673,  97.0655],
          [  0.0000,   0.0000,   1.0000]],

         [[374.9889,   0.0000, 247.6131],
          [  0.0000, 374.9889,  92.7645],
          [  0.0000,   0.0000,   1.0000]]],


        [[[381.7794,   0.0000, 247.9846],
          [  0.0000, 381.7794,  97.9255],
          [  0.0000,   0.0000,   1.0000]],

         [[379.9252,   0.0000, 244.8801],
          [  0.0000, 379.9252, 101.4521],
          [  0.0000,   0.0000,   1.0000]],

         [[378.2542,   0.0000, 242.3905],
          [  0.0000, 378.2542, 102.6003],
          [  0.0000,   0.0000,   1.0000]],

         [[377.0224,   0.0000, 237.6338],
          [  0.0000, 377.0224, 101.8327],
          [  0.0000,   0.0000,   1.0000]],

         [[242.7663,   0.0000, 248.7659],
          [  0.0000, 242.7663,  98.5335],
          [  0.0000,   0.0000,   1.0000]],

         [[377.8541,   0.0000, 242.1759],
          [  0.0000, 377.8541, 104.3587],
          [  0.0000,   0.0000,   1.0000]]],


        [[[381.7794,   0.0000, 247.9846],
          [  0.0000, 381.7794,  97.9255],
          [  0.0000,   0.0000,   1.0000]],

         [[379.9252,   0.0000, 244.8801],
          [  0.0000, 379.9252, 101.4521],
          [  0.0000,   0.0000,   1.0000]],

         [[378.2542,   0.0000, 242.3905],
          [  0.0000, 378.2542, 102.6003],
          [  0.0000,   0.0000,   1.0000]],

         [[377.0224,   0.0000, 237.6338],
          [  0.0000, 377.0224, 101.8327],
          [  0.0000,   0.0000,   1.0000]],

         [[242.7663,   0.0000, 248.7659],
          [  0.0000, 242.7663,  98.5335],
          [  0.0000,   0.0000,   1.0000]],

         [[377.8541,   0.0000, 242.1759],
          [  0.0000, 377.8541, 104.3587],
          [  0.0000,   0.0000,   1.0000]]]]), 'extrinsics': tensor([[[[ 8.2230e-01, -5.6892e-01, -1.2281e-02, -6.6455e-01],
          [ 6.1799e-03,  3.0509e-02, -9.9952e-01,  1.4908e+00],
          [ 5.6902e-01,  8.2183e-01,  2.8603e-02, -1.1009e+00],
          [ 0.0000e+00,  0.0000e+00,  0.0000e+00,  1.0000e+00]],

         [[ 9.7549e-03, -9.9960e-01, -2.6432e-02,  1.0437e-02],
          [ 8.1403e-03,  2.6512e-02, -9.9962e-01,  1.4829e+00],
          [ 9.9992e-01,  9.5360e-03,  8.3957e-03, -1.3958e+00],
          [ 0.0000e+00,  0.0000e+00,  0.0000e+00,  1.0000e+00]],

         [[-8.4422e-01, -5.3549e-01, -2.3311e-02,  8.6961e-01],
          [ 1.6219e-02,  1.7950e-02, -9.9971e-01,  1.4973e+00],
          [ 5.3575e-01, -8.4435e-01, -6.4687e-03, -1.1359e+00],
          [ 0.0000e+00,  0.0000e+00,  0.0000e+00,  1.0000e+00]],

         [[ 9.4786e-01,  3.1868e-01,  2.1419e-03, -1.1419e+00],
          [-9.0292e-03,  3.3573e-02, -9.9940e-01,  1.5620e+00],
          [-3.1856e-01,  9.4727e-01,  3.4700e-02, -1.5668e-01],
          [ 0.0000e+00,  0.0000e+00,  0.0000e+00,  1.0000e+00]],

         [[ 9.3587e-03,  9.9962e-01,  2.5854e-02, -2.8259e-02],
          [-6.9407e-03,  2.5919e-02, -9.9964e-01,  1.5673e+00],
          [-9.9993e-01,  9.1759e-03,  7.1806e-03, -5.9082e-02],
          [ 0.0000e+00,  0.0000e+00,  0.0000e+00,  1.0000e+00]],

         [[-9.2362e-01,  3.8330e-01,  3.7154e-03,  9.8340e-01],
          [-2.7640e-03,  3.0331e-03, -9.9999e-01,  1.5473e+00],
          [-3.8330e-01, -9.2362e-01, -1.7420e-03, -1.1627e-01],
          [ 0.0000e+00,  0.0000e+00,  0.0000e+00,  1.0000e+00]]],


        [[[ 8.2270e-01, -5.6828e-01, -1.5146e-02, -7.5592e-01],
          [ 1.6265e-03,  2.8996e-02, -9.9958e-01,  1.4887e+00],
          [ 5.6848e-01,  8.2233e-01,  2.4780e-02, -1.1628e+00],
          [ 0.0000e+00,  0.0000e+00,  0.0000e+00,  1.0000e+00]],

         [[ 1.0401e-02, -9.9964e-01, -2.4748e-02,  9.0942e-03],
          [ 4.0161e-03,  2.4791e-02, -9.9968e-01,  1.4812e+00],
          [ 9.9994e-01,  1.0298e-02,  4.2725e-03, -1.4838e+00],
          [ 0.0000e+00,  0.0000e+00,  0.0000e+00,  1.0000e+0Validation Iterations:  30%|██▉       | 448/1505 [46:12<2:44:02,  9.31s/it]Validation Iterations:  30%|██▉       | 449/1505 [46:19<2:31:46,  8.62s/it]Validation Iterations:  30%|██▉       | 450/1505 [46:28<2:33:24,  8.72s/it]Validation Iterations:  30%|██▉       | 451/1505 [46:34<2:18:37,  7.89s/it]Validation Iterations:  30%|███       | 452/1505 [46:42<2:20:00,  7.98s/it]Validation Iterations:  30%|███       | 453/1505 [46:53<2:36:11,  8.91s/it]  0.0000e+00,  1.0000e+00]],

         [[ 9.2206e-03,  9.9969e-01,  2.3340e-02, -2.8381e-02],
          [-1.0141e-02,  2.3434e-02, -9.9967e-01,  1.5673e+00],
          [-9.9991e-01,  8.9809e-03,  1.0354e-02, -3.4119e-02],
          [ 0.0000e+00,  0.0000e+00,  0.0000e+00,  1.0000e+00]],

         [[-9.2377e-01,  3.8289e-01,  6.1763e-03,  1.0279e+00],
          [-6.3366e-03,  8.4247e-04, -9.9998e-01,  1.5469e+00],
          [-3.8289e-01, -9.2379e-01,  1.6480e-03, -9.8145e-02],
          [ 0.0000e+00,  0.0000e+00,  0.0000e+00,  1.0000e+00]]],


        [[[ 8.2063e-01, -5.7046e-01,  3.3886e-02, -5.5118e-01],
          [ 1.3322e-02, -4.0184e-02, -9.9910e-01,  1.5151e+00],
          [ 5.7131e-01,  8.2034e-01, -2.5376e-02, -9.9695e-01],
          [ 0.0000e+00,  0.0000e+00,  0.0000e+00,  1.0000e+00]],

         [[ 5.4088e-03, -9.9901e-01,  4.4203e-02,  1.0132e-02],
          [ 7.7902e-03, -4.4160e-02, -9.9899e-01,  1.5238e+00],
          [ 9.9995e-01,  5.7477e-03,  7.5436e-03, -1.2822e+00],
          [ 0.0000e+00,  0.0000e+00,  0.0000e+00,  1.0000e+00]],

         [[-8.3294e-01, -5.5334e-01,  3.8954e-03,  7.7063e-01],
          [ 1.3177e-02, -2.6872e-02, -9.9955e-01,  1.5079e+00],
          [ 5.5320e-01, -8.3252e-01,  2.9674e-02, -1.0719e+00],
          [ 0.0000e+00,  0.0000e+00,  0.0000e+00,  1.0000e+00]],

         [[ 9.4770e-01,  3.1917e-01,  1.7115e-03, -1.1499e+00],
          [ 2.0979e-02, -5.6939e-02, -9.9816e-01,  1.5884e+00],
          [-3.1849e-01,  9.4598e-01, -6.0656e-02, -1.0181e-01],
          [ 0.0000e+00,  0.0000e+00,  0.0000e+00,  1.0000e+00]],

         [[ 2.8115e-03,  9.9889e-01, -4.7019e-02,  2.1973e-03],
          [-4.1221e-03, -4.7007e-02, -9.9889e-01,  1.5790e+00],
          [-9.9999e-01,  3.0022e-03,  3.9854e-03, -1.0840e-01],
          [ 0.0000e+00,  0.0000e+00,  0.0000e+00,  1.0000e+00]],

         [[-9.3439e-01,  3.5420e-01, -3.8227e-02,  9.2499e-01],
          [ 2.8826e-02, -3.1781e-02, -9.9908e-01,  1.5580e+00],
          [-3.5509e-01, -9.3463e-01,  1.9486e-02, -1.4197e-01],
          [ 0.0000e+00,  0.0000e+00,  0.0000e+00,  1.0000e+00]]],


        [[[ 8.2071e-01, -5.7125e-01, -1.0514e-02, -9.6478e-01],
          [ 5.2373e-03,  2.5924e-02, -9.9965e-01,  1.5083e+00],
          [ 5.7132e-01,  8.2037e-01,  2.4268e-02, -1.2804e+00],
          [ 0.0000e+00,  0.0000e+00,  0.0000e+00,  1.0000e+00]],

         [[ 5.5971e-03, -9.9975e-01, -2.1860e-02,  5.0659e-03],
          [-6.6982e-05,  2.1860e-02, -9.9976e-01,  1.5205e+00],
          [ 9.9998e-01,  5.5972e-03,  5.5389e-05, -1.6923e+00],
          [ 0.0000e+00,  0.0000e+00,  0.0000e+00,  1.0000e+00]],

         [[-8.3291e-01, -5.5279e-01, -2.6236e-02,  1.0327e+00],
          [ 5.5515e-03,  3.9059e-02, -9.9922e-01,  1.5036e+00],
          [ 5.5338e-01, -8.3241e-01, -2.9464e-02, -1.2487e+00],
          [ 0.0000e+00,  0.0000e+00,  0.0000e+00,  1.0000e+00]],

         [[ 9.4775e-01,  3.1860e-01,  1.6273e-02, -1.1423e+00],
          [ 1.4238e-02,  8.7139e-03, -9.9986e-01,  1.5886e+00],
          [-3.1870e-01,  9.4785e-01,  3.7221e-03, -1.0382e-01],
          [ 0.0000e+00,  0.0000e+00,  0.0000e+00,  1.0000e+00]],

         [[ 2.5187e-03,  9.9982e-01,  1.8706e-02,  2.6855e-03],
          [-1.1191e-02,  1.8733e-02, -9.9976e-01,  1.5794e+00],
          [-9.9993e-01,  2.3088e-03,  1.1236e-02,  1.9531e-03],
          [ 0.0000e+00,  0.0000e+00,  0.0000e+00,  1.0000e+00]],

         [[-9.3467e-01,  3.5542e-01, -7.9461e-03,  1.1362e+00],
          [ 2.1442e-02,  3.4049e-02, -9.9919e-01,  1.5515e+00],
          [-3.5486e-01, -9.3409e-01, -3.9446e-02, -6.3599e-02],
          [ 0.0000e+00,  0.0000e+00,  0.0000e+00,  1.0000e+00]]]]), 'bev': tensor([[[[0., 0., 0.,  ..., 0., 0., 0.],
          [0., 0., 0.,  ..., 0., 0., 0.],
          [0., 0., 0.,  ..., 0., 0., 0.],
          ...,
          [0., 0., 0.,  ..., 0., 0., 0.],
          [0., 0., 0.,  ..., 0., 0., 0.],
          [0., 0., 0.,  ..., 0., 0., 0.]],

         [[0., 0., 0.,  ..., 0., 0., 0.],
          [0., 0., 0.,  ..., 0., 0., 0.],
          [0., 0., 0.,  ..., 0., 0., 0.],
          ...,
          [0., 0., 0.,  ..., 0., 0., 0.],
          [0., 0., 0.,  ..., 0., 0., 0.],
          [0., 0., 0.,  ..., 0., 0., 0.]],

         [[0., 0., 0.,  ..., 0., 0., 0.],
          [0., 0., 0.,  ..., 0., 0., 0.],
          [0., 0., 0.,  ..., 0., 0., 0.],
          ...,
          [0., 0., 0.,  ..., 0., 0., 0.],
          [0., 0., 0.,  ..., 0., 0., 0.],
          [0., 0., 0.,  ..., 0., 0., 0.]],

         ...,

         [[0., 0., 0.,  ..., 0., 0., 0.],
          [0., 0., 0.,  ..., 0., 0., 0.],
          [0., 0., 0.,  ..., 0., 0., 0.],
          ...,
          [0., 0., 0.,  ..., 0., 0., 0.],
          [0., 0., 0.,  ..., 0., 0., 0.],
          [0., 0., 0.,  ..., 0., 0., 0.]],

         [[0., 0., 0.,  ..., 0., 0., 0.],
          [0., 0., 0.,  ..., 0., 0., 0.],
          [0., 0., 0.,  ..., 0., 0., 0.],
          ...,
          [0., 0., 0.,  ..., 0., 0., 0.],
          [0., 0., 0.,  ..., 0., 0., 0.],
          [0., 0., 0.,  ..., 0., 0., 0.]],

         [[0., 0., 0.,  ..., 0., 0., 0.],
          [0., 0., 0.,  ..., 0., 0., 0.],
          [0., 0., 0.,  ..., 0., 0., 0.],
          ...,
          [0., 0., 0.,  ..., 0., 0., 0.],
          [0., 0., 0.,  ..., 0., 0., 0.],
          [0., 0., 0.,  ..., 0., 0., 0.]]],


        [[[0., 0., 0.,  ..., 0., 0., 0.],
          [0., 0., 0.,  ..., 0., 0., 0.],
          [0., 0., 0.,  ..., 0., 0., 0.],
          ...,
          [0., 0., 0.,  ..., 0., 0., 0.],
          [0., 0., 0.,  ..., 0., 0., 0.],
          [0., 0., 0.,  ..., 0., 0., 0.]],

         [[0., 0., 0.,  ..., 0., 0., 0.],
          [0., 0., 0.,  ..., 0., 0., 0.],
          [0., 0., 0.,  ..., 0., 0., 0.],
          ...,
          [0., 0., 0.,  ..., 0., 0., 0.],
          [0., 0., 0.,  ..., 0., 0., 0.],
          [0., 0., 0.,  ..., 0., 0., 0.]],

         [[0., 0., 0.,  ..., 0., 0., 0.],
          [0., 0., 0.,  ..., 0., 0., 0.],
          [0., 0., 0.,  ..., 0., 0., 0.],
          ...,
          [0., 0., 0.,  ..., 0., 0., 0.],
          [0., 0., 0.,  ..., 0., 0., 0.],
          [0., 0., 0.,  ..., 0., 0., 0.]],

         ...,

         [[0., 0., 0.,  ..., 0., 0., 0.],
          [0., 0., 0.,  ..., 0., 0., 0.],
          [0., 0., 0.,  ..., 0., 0., 0.],
          ...,
          [0., 0., 0.,  ..., 0., 0., 0.],
          [0., 0., 0.,  ..., 0., 0., 0.],
          [0., 0., 0.,  ..., 0., 0., 0.]],

         [[0., 0., 0.,  ..., 0., 0., 0.],
          [0., 0., 0.,  ..., 0., 0., 0.],
          [0., 0., 0.,  ..., 0., 0., 0.],
          ...,
          [0., 0., 0.,  ..., 0., 0., 0.],
          [0., 0., 0.,  ..., 0., 0., 0.],
          [0., 0., 0.,  ..., 0., 0., 0.]],

         [[0., 0., 0.,  ..., 0., 0., 0.],
          [0., 0., 0.,  ..., 0., 0., 0.],
          [0., 0., 0.,  ..., 0., 0., 0.],
          ...,
          [0., 0., 0.,  ..., 0., 0., 0.],
          [0., 0., 0.,  ..., 0., 0., 0.],
          [0., 0., 0.,  ..., 0., 0., 0.]]],


        [[[0., 0., 0.,  ..., 0., 0., 0.],
          [0., 0., 0.,  ..., 0., 0., 0.],
          [0., 0., 0.,  ..., 0., 0., 0.],
          ...,
          [0., 0., 0.,  ..., 0., 0., 0.],
          [0., 0., 0.,  ..., 0., 0., 0.],
          [0., 0., 0.,  ..., 0., 0., 0.]],

         [[0., 0., 0.,  ..., 0., 0., 0.],
          [0., 0., 0.,  ..., 0., 0., 0.],
          [0., 0., 0.,  ..., 0., 0., 0.],
          ...,
          [0., 0., 0.,  ..., 0., 0., 0.],
          [0., 0., 0.,  ..., 0., 0., 0.],
          [0., 0., 0.,  ..., 0., 0., 0.]],

         [[0., 0., 0.,  ..., 0., 0., 0.],
          [0., 0., 0.,  ..., 0., 0., 0.],
          [0., 0., 0.,  ..., 0., 0., 0.],
          ...,
          [0., 0., 0.,  ..., 0., 0., 0.],
          [0., 0., 0.,  ..., 0., 0., 0.],
          [0., 0., 0.,  ..., 0., 0., 0.]],

         ...,

         [[0., 0., 0.,  ..., 0., 0., 0.],
          [0., 0., 0.,  ..., 0., 0., 0.],
          [0., 0., 0.,  ..., 0., 0., 0.],
          ...,
          [0., 0., 0.,  ..., 0., 0., 0.],
          [0., 0., 0.,  ..., 0., 0., 0.],
          [0., 0., 0.,  ..., 0., 0., 0.]],

         [[0., 0., 0.,  ..., 0., 0., 0.],
          [0., 0., 0.,  ..., 0., 0., 0.],
          [0., 0., 0.,  ..., 0., 0., 0.],
          ...,
          [0., 0., 0.,  ..., 0., 0., 0.],
          [0., 0., 0.,  ..., 0., 0., 0.],
          [0., 0., 0.,  ..., 0., 0., 0.]],

         [[0., 0., 0.,  ..., 0., 0., 0.],
          [0., 0., 0.,  ..., 0., 0., 0.],
          [0., 0., 0.,  ..., 0., 0., 0.],
          ...,
          [0., 0., 0.,  ..., 0., 0., 0.],
          [0., 0., 0.,  ..., 0., 0., 0.],
          [0., 0., 0.,  ..., 0., 0., 0.]]],


        [[[0., 0., 0.,  ..., 0., 0., 0.],
          [0., 0., 0.,  ..., 1., 1., 1.],
          [0., 0., 0.,  ..., 1., 1., 1.],
          ...,
          [0., 0., 0.,  ..., 0., 0., 0.],
          [0., 0., 0.,  ..., 0., 0., 0.],
          [0., 0., 0.,  ..., 0., 0., 0.]],

         [[0., 0., 0.,  ..., 0., 0., 0.],
          [0., 0., 0.,  ..., 0., 0., 0.],
          [0., 0., 0.,  ..., 0., 0., 0.],
          ...,
          [0., 0., 0.,  ..., 0., 0., 0.],
          [0., 0., 0.,  ..., 0., 0., 0.],
          [0., 0., 0.,  ..., 0., 0., 0.]],

         [[0., 0., 0.,  ..., 0., 0., 0.],
          [0., 0., 0.,  ..., 0., 0., 0.],
          [0., 0., 0.,  ..., 0., 0., 0.],
          ...,
          [0., 0., 0.,  ..., 0., 0., 0.],
          [0., 0., 0.,  ..., 0., 0., 0.],
          [0., 0., 0.,  ..., 0., 0., 0.]],

         ...,

         [[0., 0., 0.,  ..., 0., 0., 0.],
          [0., 0., 0.,  ..., 0., 0., 0.],
          [0., 0., 0.,  ..., 0., 0., 0.],
          ...,
          [0., 0., 0.,  ..., 0., 0., 0.],
          [0., 0., 0.,  ..., 0., 0., 0.],
          [0., 0., 0.,  ..., 0., 0., 0.]],

         [[0., 0., 0.,  ..., 0., 0., 0.],
          [0., 0., 0.,  ..., 0., 0., 0.],
          [0., 0., 0.,  ..., 0., 0., 0.],
          ...,
          [0., 0., 0.,  ..., 0., 0., 0.],
          [0., 0., 0.,  ..., 0., 0., 0.],
          [0., 0., 0.,  ..., 0., 0., 0.]],

         [[0., 0., 0.,  ..., 0., 0., 0.],
          [0., 0., 0.,  ..., 0., 0., 0.],
          [0., 0., 0.,  ..., 0., 0., 0.],
          ...,
          [0., 0., 0.,  ..., 0., 0., 0.],
          [0., 0., 0.,  ..., 0., 0., 0.],
          [0., 0., 0.,  ..., 0., 0., 0.]]]]), 'view': tensor([[[  0.,  -2., 100.],
         [ -2.,   0., 100.],
         [  0.,   0.,   1.]],

        [[  0.,  -2., 100.],
         [ -2.,   0., 100.],
         [  0.,   0.,   1.]],

        [[  0.,  -2., 100.],
         [ -2.,   0., 100.],
         [  0.,   0.,   1.]],

        [[  0.,  -2., 100.],
         [ -2.,   0., 100.],
         [  0.,   0.,   1.]]]), 'visibility': tensor([[[255, 255, 255,  ..., 255, 255, 255],
         [255, 255, 255,  ..., 255, 255, 255],
         [255, 255, 255,  ..., 255, 255, 255],
         ...,
         [255, 255, 255,  ..., 255, 255, 255],
         [255, 255, 255,  ..., 255, 255, 255],
         [255, 255, 255,  ..., 255, 255, 255]],

        [[255, 255, 255,  ..., 255, 255, 255],
         [255, 255, 255,  ..., 255, 255, 255],
         [255, 255, 255,  ..., 255, 255, 255],
         ...,
         [255, 255, 255,  ..., 255, 255, 255],
         [255, 255, 255,  ..., 255, 255, 255],
         [255, 255, 255,  ..., 255, 255, 255]],

        [[255, 255, 255,  ..., 255, 255, 255],
         [255, 255, 255,  ..., 255, 255, 255],
         [255, 255, 255,  ..., 255, 255, 255],
         ...,
         [255, 255, 255,  ..., 255, 255, 255],
         [255, 255, 255,  ..., 255, 255, 255],
         [255, 255, 255,  ..., 255, 255, 255]],

        [[255, 255, 255,  ..., 255, 255, 255],
         [255, 255, 255,  ..., 255, 255, 255],
         [255, 255, 255,  ..., 255, 255, 255],
         ...,
         [255, 255, 255,  ..., 255, 255, 255],
         [255, 255, 255,  ..., 255, 255, 255],
         [255, 255, 255,  ..., 255, 255, 255]]], dtype=torch.uint8), 'center': tensor([[[[0., 0., 0.,  ..., 0., 0., 0.],
          [0., 0., 0.,  ..., 0., 0., 0.],
          [0., 0., 0.,  ..., 0., 0., 0.],
          ...,
          [0., 0., 0.,  ..., 0., 0., 0.],
          [0., 0., 0.,  ..., 0., 0., 0.],
          [0., 0., 0.,  ..., 0., 0., 0.]]],


        [[[0., 0., 0.,  ..., 0., 0., 0.],
          [0., 0., 0.,  ..., 0., 0., 0.],
          [0., 0., 0.,  ..., 0., 0., 0.],
          ...,
          [0., 0., 0.,  ..., 0., 0., 0.],
          [0., 0., 0.,  ..., 0., 0., 0.],
          [0., 0., 0.,  ..., 0., 0., 0.]]],


        [[[0., 0., 0.,  ..., 0., 0., 0.],
          [0., 0., 0.,  ..., 0., 0., 0.],
          [0., 0., 0.,  ..., 0., 0., 0.],
          ...,
          [0., 0., 0.,  ..., 0., 0., 0.],
          [0., 0., 0.,  ..., 0., 0., 0.],
          [0., 0., 0.,  ..., 0., 0., 0.]]],


        [[[0., 0., 0.,  ..., 0., 0., 0.],
          [0., 0., 0.,  ..., 0., 0., 0.],
          [0., 0., 0.,  ..., 0., 0., 0.],
          ...,
          [0., 0., 0.,  ..., 0., 0., 0.],
          [0., 0., 0.,  ..., 0., 0., 0.],
          [0., 0., 0.,  ..., 0., 0., 0.]]]]), 'pose': tensor([[[-6.4862e-01,  7.6111e-01,  0.0000e+00,  9.3042e+02],
         [-7.6111e-01, -6.4862e-01,  0.0000e+00,  6.3460e+02],
         [ 0.0000e+00,  0.0000e+00,  1.0000e+00,  0.0000e+00],
         [ 0.0000e+00,  0.0000e+00,  0.0000e+00,  1.0000e+00]],

        [[ 8.4439e-01,  5.3573e-01,  0.0000e+00,  1.1623e+03],
         [-5.3573e-01,  8.4439e-01,  0.0000e+00,  1.5592e+03],
         [ 0.0000e+00,  0.0000e+00,  1.0000e+00,  0.0000e+00],
         [ 0.0000e+00,  0.0000e+00,  0.0000e+00,  1.0000e+00]],

        [[-6.2512e-01, -7.8052e-01,  0.0000e+00,  1.7538e+03],
         [ 7.8052e-01, -6.2512e-01,  0.0000e+00,  2.6244e+03],
         [ 0.0000e+00,  0.0000e+00,  1.0000e+00,  0.0000e+00],
         [ 0.0000e+00,  0.0000e+00,  0.0000e+00,  1.0000e+00]],

        [[-8.7574e-01, -4.8279e-01,  0.0000e+00,  2.0434e+03],
         [ 4.8279e-01, -8.7574e-01,  0.0000e+00,  2.3251e+03],
         [ 0.0000e+00,  0.0000e+00,  1.0000e+00,  0.0000e+00],
         [ 0.0000e+00,  0.0000e+00,  0.0000e+00,  1.0000e+00]]])}
/home/ava/anaconda3/envs/raj-gkt/lib/python3.8/site-packages/torch/onnx/utils.py:366: UserWarning: Skipping _decide_input_format
 -1
  warnings.warn("Skipping _decide_input_format\n {}".format(e.args[0]))
/home/ava/anaconda3/envs/raj-gkt/lib/python3.8/site-packages/einops/einops.py:179: UserWarning: __floordiv__ is deprecated, and its behavior will change in a future version of pytorch. It currently rounds toward 0 (like the 'trunc' function NOT 'floor'). This results in incorrect rounding for negative values. To keep the current behavior, use torch.div(a, b, rounding_mode='trunc'), or for actual floor division, use torch.div(a, b, rounding_mode='floor').
  axes_lengths[unknown_axis] = length // known_product
/home/ava/anaconda3/envs/raj-gkt/lib/python3.8/site-packages/torch/onnx/symbolic_helper.py:719: UserWarning: allowzero=0 by default. In order to honor zero value in shape use allowzero=1
  warnings.warn("allowzero=0 by default. In order to honor zero value in shape use allowzero=1")
Error executing job with overrides: ['+experiment=gkt_nuscenes_vehicle_kernel_7x1.yaml', 'data.dataset_dir=/media/ava/DATA3/DATA/sherly/data/nuscenes', 'data.labels_dir=/media/ava/DATA3/DATA/sherly/data/cvt_labels_nuscenes', 'experiment.ckptt=/media/ava/DATA3/DATA/raj/GKT/segmentation/pretrained_models/map_segmentation_gkt_7x1_conv_setting2.ckpt']
Traceback (most recent call last):
  File "scripts/eval.py", line 98, in main
    torch.onnx.export(
  File "/home/ava/anaconda3/envs/raj-gkt/lib/python3.8/site-packages/torch/onnx/__init__.py", line 305, in export
    return utils.export(model, args, f, export_params, verbose, training,
  File "/home/ava/anaconda3/envs/raj-gkt/lib/python3.8/site-packages/torch/onnx/utils.py", line 118, in export
    _export(model, args, f, export_params, verbose, training, input_names, output_names,
  File "/home/ava/anaconda3/envs/raj-gkt/lib/python3.8/site-packages/torch/onnx/utils.py", line 719, in _export
    _model_to_graph(model, args, verbose, input_names,
  File "/home/ava/anaconda3/envs/raj-gkt/lib/python3.8/site-packages/torch/onnx/utils.py", line 503, in _model_to_graph
    graph = _optimize_graph(graph, operator_export_type,
  File "/home/ava/anaconda3/envs/raj-gkt/lib/python3.8/site-packages/torch/onnx/utils.py", line 232, in _optimize_graph
    graph = torch._C._jit_pass_onnx(graph, operator_export_type)
  File "/home/ava/anaconda3/envs/raj-gkt/lib/python3.8/site-packages/torch/onnx/__init__.py", line 354, in _run_symbolic_function
    return utils._run_symbolic_function(*args, **kwargs)
  File "/home/ava/anaconda3/envs/raj-gkt/lib/python3.8/site-packages/torch/onnx/utils.py", line 1057, in _run_symbolic_function
    symbolic_fn = _find_symbolic_in_registry(domain, op_name, opset_version, operator_export_type)
  File "/home/ava/anaconda3/envs/raj-gkt/lib/python3.8/site-packages/torch/onnx/utils.py", line 1011, in _find_symbolic_in_registry
    return sym_registry.get_registered_op(op_name, domain, opset_version)
  File "/home/ava/anaconda3/envs/raj-gkt/lib/python3.8/site-packages/torch/onnx/symbolic_registry.py", line 129, in get_registered_op
    raise RuntimeError(msg)
RuntimeError: Exporting the operator inverse to ONNX opset version 15 is not supported. Please feel free to request support or submit a pull request on PyTorch GitHub.

Set the environment variable HYDRA_FULL_ERROR=1 for a complete stack trace.
